<?xml version="1.0" encoding="UTF-8"?>
<testng-results ignored="0" total="1" passed="0" failed="1" skipped="0">
  <reporter-output>
  </reporter-output>
  <suite started-at="2024-08-02T07:20:48Z" name="Default suite" finished-at="2024-08-02T07:24:04Z" duration-ms="195463">
    <groups>
    </groups>
    <test started-at="2024-08-02T07:20:48Z" name="Default test" finished-at="2024-08-02T07:24:04Z" duration-ms="195463">
      <class name="com.omrbranch.mobile.AppiumProject">
        <test-method is-config="true" signature="beforeClass()[pri:0, instance:com.omrbranch.mobile.AppiumProject@36060e]" started-at="2024-08-02T07:20:48Z" name="beforeClass" finished-at="2024-08-02T07:21:23Z" duration-ms="34738" status="PASS">
          <reporter-output>
          </reporter-output>
        </test-method> <!-- beforeClass -->
        <test-method is-config="true" signature="before()[pri:0, instance:com.omrbranch.mobile.AppiumProject@36060e]" started-at="2024-08-02T07:21:23Z" name="before" finished-at="2024-08-02T07:21:23Z" duration-ms="6" status="PASS">
          <reporter-output>
          </reporter-output>
        </test-method> <!-- before -->
        <test-method signature="test()[pri:0, instance:com.omrbranch.mobile.AppiumProject@36060e]" started-at="2024-08-02T07:21:23Z" name="test" finished-at="2024-08-02T07:24:03Z" duration-ms="160534" status="FAIL">
          <exception class="org.openqa.selenium.InvalidElementStateException">
            <message>
              <![CDATA[Cannot set the element to 'need accommodation for driver'. Did you interact with the correct element?
Build info: version: '4.23.0', revision: '4df0a231af'
System info: os.name: 'Windows 10', os.arch: 'amd64', os.version: '10.0', java.version: '21.0.3'
Driver info: io.appium.java_client.AppiumDriver
Command: [d4dbe022-3948-42e2-ab98-650130e9c38a, sendKeysToElement {value=[Ljava.lang.CharSequence;@d400943, id=00000000-0000-0033-ffff-ffff00000b11}]
Capabilities {appium:appActivity: com.omr_branch.MainActivity, appium:appPackage: com.omr_branch, appium:automationName: uiautomator2, appium:databaseEnabled: false, appium:desired: {appActivity: com.omr_branch.MainActivity, appPackage: com.omr_branch, automationName: uiautomator2, deviceName: emulator-5554, platformName: android, platformVersion: 13}, appium:deviceApiLevel: 33, appium:deviceManufacturer: Google, appium:deviceModel: sdk_gphone64_x86_64, appium:deviceName: emulator-5554, appium:deviceScreenDensity: 320, appium:deviceScreenSize: 720x1280, appium:deviceUDID: emulator-5554, appium:javascriptEnabled: true, appium:locationContextEnabled: false, appium:networkConnectionEnabled: true, appium:pixelRatio: 2, appium:platformVersion: 13, appium:statBarHeight: 48, appium:takesScreenshot: true, appium:viewportRect: {height: 1232, left: 0, top: 48, width: 720}, appium:warnings: {}, appium:webStorageEnabled: false, platformName: ANDROID}
Element: [[AppiumDriver:  on ANDROID (d4dbe022-3948-42e2-ab98-650130e9c38a)] -> xpath: //*[@resource-id='book_hotel_any_other_request']]
Session ID: d4dbe022-3948-42e2-ab98-650130e9c38a]]>
            </message>
            <full-stacktrace>
              <![CDATA[org.openqa.selenium.InvalidElementStateException: Cannot set the element to 'need accommodation for driver'. Did you interact with the correct element?
Build info: version: '4.23.0', revision: '4df0a231af'
System info: os.name: 'Windows 10', os.arch: 'amd64', os.version: '10.0', java.version: '21.0.3'
Driver info: io.appium.java_client.AppiumDriver
Command: [d4dbe022-3948-42e2-ab98-650130e9c38a, sendKeysToElement {value=[Ljava.lang.CharSequence;@d400943, id=00000000-0000-0033-ffff-ffff00000b11}]
Capabilities {appium:appActivity: com.omr_branch.MainActivity, appium:appPackage: com.omr_branch, appium:automationName: uiautomator2, appium:databaseEnabled: false, appium:desired: {appActivity: com.omr_branch.MainActivity, appPackage: com.omr_branch, automationName: uiautomator2, deviceName: emulator-5554, platformName: android, platformVersion: 13}, appium:deviceApiLevel: 33, appium:deviceManufacturer: Google, appium:deviceModel: sdk_gphone64_x86_64, appium:deviceName: emulator-5554, appium:deviceScreenDensity: 320, appium:deviceScreenSize: 720x1280, appium:deviceUDID: emulator-5554, appium:javascriptEnabled: true, appium:locationContextEnabled: false, appium:networkConnectionEnabled: true, appium:pixelRatio: 2, appium:platformVersion: 13, appium:statBarHeight: 48, appium:takesScreenshot: true, appium:viewportRect: {height: 1232, left: 0, top: 48, width: 720}, appium:warnings: {}, appium:webStorageEnabled: false, platformName: ANDROID}
Element: [[AppiumDriver:  on ANDROID (d4dbe022-3948-42e2-ab98-650130e9c38a)] -> xpath: //*[@resource-id='book_hotel_any_other_request']]
Session ID: d4dbe022-3948-42e2-ab98-650130e9c38a
at java.base/jdk.internal.reflect.DirectConstructorHandleAccessor.newInstance(DirectConstructorHandleAccessor.java:62)
at java.base/java.lang.reflect.Constructor.newInstanceWithCaller(Constructor.java:502)
at java.base/java.lang.reflect.Constructor.newInstance(Constructor.java:486)
at org.openqa.selenium.remote.ErrorCodec.decode(ErrorCodec.java:167)
at org.openqa.selenium.remote.codec.w3c.W3CHttpResponseCodec.decode(W3CHttpResponseCodec.java:138)
at org.openqa.selenium.remote.codec.w3c.W3CHttpResponseCodec.decode(W3CHttpResponseCodec.java:50)
at org.openqa.selenium.remote.HttpCommandExecutor.execute(HttpCommandExecutor.java:190)
at io.appium.java_client.remote.AppiumCommandExecutor.execute(AppiumCommandExecutor.java:237)
at org.openqa.selenium.remote.RemoteWebDriver.execute(RemoteWebDriver.java:527)
at org.openqa.selenium.remote.RemoteWebElement.execute(RemoteWebElement.java:223)
at org.openqa.selenium.remote.RemoteWebElement.sendKeys(RemoteWebElement.java:110)
at com.omrbranch.baseclass.BaseClass.elementSendKeys(BaseClass.java:35)
at com.omrbranch.mobile.AppiumProject.test(AppiumProject.java:115)
at java.base/jdk.internal.reflect.DirectMethodHandleAccessor.invoke(DirectMethodHandleAccessor.java:103)
at java.base/java.lang.reflect.Method.invoke(Method.java:580)
at org.testng.internal.MethodInvocationHelper.invokeMethod(MethodInvocationHelper.java:124)
at org.testng.internal.Invoker.invokeMethod(Invoker.java:583)
at org.testng.internal.Invoker.invokeTestMethod(Invoker.java:719)
at org.testng.internal.Invoker.invokeTestMethods(Invoker.java:989)
at org.testng.internal.TestMethodWorker.invokeTestMethods(TestMethodWorker.java:125)
at org.testng.internal.TestMethodWorker.run(TestMethodWorker.java:109)
at org.testng.TestRunner.privateRun(TestRunner.java:648)
at org.testng.TestRunner.run(TestRunner.java:505)
at org.testng.SuiteRunner.runTest(SuiteRunner.java:455)
at org.testng.SuiteRunner.runSequentially(SuiteRunner.java:450)
at org.testng.SuiteRunner.privateRun(SuiteRunner.java:415)
at org.testng.SuiteRunner.run(SuiteRunner.java:364)
at org.testng.SuiteRunnerWorker.runSuite(SuiteRunnerWorker.java:52)
at org.testng.SuiteRunnerWorker.run(SuiteRunnerWorker.java:84)
at org.testng.TestNG.runSuitesSequentially(TestNG.java:1208)
at org.testng.TestNG.runSuitesLocally(TestNG.java:1137)
at org.testng.TestNG.runSuites(TestNG.java:1049)
at org.testng.TestNG.run(TestNG.java:1017)
at org.testng.remote.AbstractRemoteTestNG.run(AbstractRemoteTestNG.java:115)
at org.testng.remote.RemoteTestNG.initAndRun(RemoteTestNG.java:293)
at org.testng.remote.RemoteTestNG.main(RemoteTestNG.java:91)
]]>
            </full-stacktrace>
          </exception> <!-- org.openqa.selenium.InvalidElementStateException -->
          <reporter-output>
          </reporter-output>
        </test-method> <!-- test -->
        <test-method is-config="true" signature="after()[pri:0, instance:com.omrbranch.mobile.AppiumProject@36060e]" started-at="2024-08-02T07:24:04Z" name="after" finished-at="2024-08-02T07:24:04Z" duration-ms="3" status="PASS">
          <reporter-output>
          </reporter-output>
        </test-method> <!-- after -->
        <test-method is-config="true" signature="afterClass()[pri:0, instance:com.omrbranch.mobile.AppiumProject@36060e]" started-at="2024-08-02T07:24:04Z" name="afterClass" finished-at="2024-08-02T07:24:04Z" duration-ms="1" status="PASS">
          <reporter-output>
          </reporter-output>
        </test-method> <!-- afterClass -->
      </class> <!-- com.omrbranch.mobile.AppiumProject -->
    </test> <!-- Default test -->
  </suite> <!-- Default suite -->
</testng-results>
